  init.cpp
C:\Users\정인섭\Documents\GitHub\Doing\server_project\server_project\init_class.h(12,21): error C3646: 'm_adminCode': 알 수 없는 재정의 지정자입니다.
C:\Users\정인섭\Documents\GitHub\Doing\server_project\server_project\init_class.h(12,21): error C4430: 형식 지정자가 없습니다. int로 가정합니다. 참고: C++에서는 기본 int를 지원하지 않습니다.
C:\Users\정인섭\Documents\GitHub\Doing\server_project\server_project\init_class.h(29,32): error C3646: 'server_capacity': 알 수 없는 재정의 지정자입니다.
C:\Users\정인섭\Documents\GitHub\Doing\server_project\server_project\init_class.h(29,32): error C4430: 형식 지정자가 없습니다. int로 가정합니다. 참고: C++에서는 기본 int를 지원하지 않습니다.
C:\Users\정인섭\Documents\GitHub\Doing\server_project\server_project\init_class.h(18,4): error C2065: 'm_adminCode': 선언되지 않은 식별자입니다.
C:\Users\정인섭\Documents\GitHub\Doing\server_project\server_project\init_class.h(53,3): error C2065: 'string': 선언되지 않은 식별자입니다.
C:\Users\정인섭\Documents\GitHub\Doing\server_project\server_project\init_class.h(53,11): error C2065: 'ptr': 선언되지 않은 식별자입니다.
C:\Users\정인섭\Documents\GitHub\Doing\server_project\server_project\init_class.h(53,18): error C2065: 'AdminFunction': 선언되지 않은 식별자입니다.
C:\Users\정인섭\Documents\GitHub\Doing\server_project\server_project\init_class.h(54,4): error C2065: 'ptr': 선언되지 않은 식별자입니다.
C:\Users\정인섭\Documents\GitHub\Doing\server_project\server_project\init_class.h(60,3): error C2065: 'array': 선언되지 않은 식별자입니다.
C:\Users\정인섭\Documents\GitHub\Doing\server_project\server_project\init_class.h(60,9): error C2146: 구문 오류: ';'이(가) 'List' 식별자 앞에 없습니다.
C:\Users\정인섭\Documents\GitHub\Doing\server_project\server_project\init_class.h(60,9): error C2065: 'List': 선언되지 않은 식별자입니다.
C:\Users\정인섭\Documents\GitHub\Doing\server_project\server_project\init_class.h(62,23): error C2065: 'List': 선언되지 않은 식별자입니다.
C:\Users\정인섭\Documents\GitHub\Doing\server_project\server_project\init_class.h(64,33): error C2065: 'List': 선언되지 않은 식별자입니다.
C:\Users\정인섭\Documents\GitHub\Doing\server_project\server_project\init_class.h(64,44): error C2065: 'endl': 선언되지 않은 식별자입니다.
C:\Users\정인섭\Documents\GitHub\Doing\server_project\server_project\init_class.h(72,17): error C2065: 'server_capacity': 선언되지 않은 식별자입니다.
C:\Users\정인섭\Documents\GitHub\Doing\server_project\server_project\init_class.h(82,3): error C2065: 'array': 선언되지 않은 식별자입니다.
C:\Users\정인섭\Documents\GitHub\Doing\server_project\server_project\init_class.h(82,9): error C2146: 구문 오류: ';'이(가) 'pre_user_list' 식별자 앞에 없습니다.
C:\Users\정인섭\Documents\GitHub\Doing\server_project\server_project\init_class.h(82,9): error C2065: 'pre_user_list': 선언되지 않은 식별자입니다.
C:\Users\정인섭\Documents\GitHub\Doing\server_project\server_project\init_class.h(84,23): error C2065: 'List': 선언되지 않은 식별자입니다.
C:\Users\정인섭\Documents\GitHub\Doing\server_project\server_project\init_class.h(86,33): error C2065: 'List': 선언되지 않은 식별자입니다.
C:\Users\정인섭\Documents\GitHub\Doing\server_project\server_project\init_class.h(86,44): error C2065: 'endl': 선언되지 않은 식별자입니다.
C:\Users\정인섭\Documents\GitHub\Doing\server_project\server_project\init_class.h(112,16): error C3646: 'm_name': 알 수 없는 재정의 지정자입니다.
C:\Users\정인섭\Documents\GitHub\Doing\server_project\server_project\init_class.h(112,16): error C4430: 형식 지정자가 없습니다. int로 가정합니다. 참고: C++에서는 기본 int를 지원하지 않습니다.
C:\Users\정인섭\Documents\GitHub\Doing\server_project\server_project\init_class.h(114,6): error C2143: 구문 오류: ';'이(가) '<' 앞에 없습니다.
C:\Users\정인섭\Documents\GitHub\Doing\server_project\server_project\init_class.h(114,21): error C4430: 형식 지정자가 없습니다. int로 가정합니다. 참고: C++에서는 기본 int를 지원하지 않습니다.
C:\Users\정인섭\Documents\GitHub\Doing\server_project\server_project\init_class.h(114,31): error C2238: ';' 앞에 예기치 않은 토큰이 있습니다.
C:\Users\정인섭\Documents\GitHub\Doing\server_project\server_project\init_class.h(134,28): error C2061: 구문 오류: 식별자 'string'
C:\Users\정인섭\Documents\GitHub\Doing\server_project\server_project\init_class.h(149,26): error C2061: 구문 오류: 식별자 'string'
C:\Users\정인섭\Documents\GitHub\Doing\server_project\server_project\init_class.h(155,26): error C2061: 구문 오류: 식별자 'string'
C:\Users\정인섭\Documents\GitHub\Doing\server_project\server_project\init_class.h(170,25): error C2061: 구문 오류: 식별자 'string'
C:\Users\정인섭\Documents\GitHub\Doing\server_project\server_project\init_class.h(177,27): error C2061: 구문 오류: 식별자 'string'
C:\Users\정인섭\Documents\GitHub\Doing\server_project\server_project\init_class.h(185,25): error C2061: 구문 오류: 식별자 'string'
C:\Users\정인섭\Documents\GitHub\Doing\server_project\server_project\init_class.h(122,4): error C2065: 'map': 선언되지 않은 식별자입니다.
C:\Users\정인섭\Documents\GitHub\Doing\server_project\server_project\init_class.h(122,8): error C2065: 'string': 선언되지 않은 식별자입니다.
C:\Users\정인섭\Documents\GitHub\Doing\server_project\server_project\init_class.h(122,1): error C2062: 예기치 않은 'double' 형식입니다.
C:\Users\정인섭\Documents\GitHub\Doing\server_project\server_project\init_class.h(122,25): error C2039: 'iterator': '`global namespace''의 멤버가 아닙니다.
C:\Users\정인섭\Documents\GitHub\Doing\server_project\server_project\init_class.h(125,9): error C2065: 'iter': 선언되지 않은 식별자입니다.
C:\Users\정인섭\Documents\GitHub\Doing\server_project\server_project\init_class.h(125,16): error C2065: 'm_fileID': 선언되지 않은 식별자입니다.
C:\Users\정인섭\Documents\GitHub\Doing\server_project\server_project\init_class.h(125,34): error C2065: 'iter': 선언되지 않은 식별자입니다.
C:\Users\정인섭\Documents\GitHub\Doing\server_project\server_project\init_class.h(125,42): error C2065: 'm_fileID': 선언되지 않은 식별자입니다.
C:\Users\정인섭\Documents\GitHub\Doing\server_project\server_project\init_class.h(125,58): error C2065: 'iter': 선언되지 않은 식별자입니다.
C:\Users\정인섭\Documents\GitHub\Doing\server_project\server_project\init_class.h(128,5): error C2065: 'cout': 선언되지 않은 식별자입니다.
C:\Users\정인섭\Documents\GitHub\Doing\server_project\server_project\init_class.h(128,13): error C2065: 'iter': 선언되지 않은 식별자입니다.
C:\Users\정인섭\Documents\GitHub\Doing\server_project\server_project\init_class.h(128,29): error C2065: 'endl': 선언되지 않은 식별자입니다.
C:\Users\정인섭\Documents\GitHub\Doing\server_project\server_project\init_class.h(136,20): error C2065: 'm_fileID': 선언되지 않은 식별자입니다.
C:\Users\정인섭\Documents\GitHub\Doing\server_project\server_project\init_class.h(136,35): error C2065: 'title': 선언되지 않은 식별자입니다.
C:\Users\정인섭\Documents\GitHub\Doing\server_project\server_project\init_class.h(140,73): error C2065: 'endl': 선언되지 않은 식별자입니다.
C:\Users\정인섭\Documents\GitHub\Doing\server_project\server_project\init_class.h(144,76): error C2065: 'endl': 선언되지 않은 식별자입니다.
C:\Users\정인섭\Documents\GitHub\Doing\server_project\server_project\init_class.h(151,4): error C2065: 'm_fileID': 선언되지 않은 식별자입니다.
C:\Users\정인섭\Documents\GitHub\Doing\server_project\server_project\init_class.h(151,30): error C2065: 'title': 선언되지 않은 식별자입니다.
C:\Users\정인섭\Documents\GitHub\Doing\server_project\server_project\init_class.h(151,37): error C2065: 'volume': 선언되지 않은 식별자입니다.
C:\Users\정인섭\Documents\GitHub\Doing\server_project\server_project\init_class.h(151,20): error C3861: 'make_pair': 식별자를 찾을 수 없습니다.
C:\Users\정인섭\Documents\GitHub\Doing\server_project\server_project\init_class.h(157,4): error C2065: 'm_fileID': 선언되지 않은 식별자입니다.
C:\Users\정인섭\Documents\GitHub\Doing\server_project\server_project\init_class.h(157,19): error C2065: 'title': 선언되지 않은 식별자입니다.
C:\Users\정인섭\Documents\GitHub\Doing\server_project\server_project\init_class.h(172,19): error C2065: 'title': 선언되지 않은 식별자입니다.
C:\Users\정인섭\Documents\GitHub\Doing\server_project\server_project\init_class.h(172,26): error C2065: 'volum': 선언되지 않은 식별자입니다.
C:\Users\정인섭\Documents\GitHub\Doing\server_project\server_project\init_class.h(180,21): error C2065: 'input': 선언되지 않은 식별자입니다.
C:\Users\정인섭\Documents\GitHub\Doing\server_project\server_project\init_class.h(188,19): error C2065: 'input_name': 선언되지 않은 식별자입니다.
C:\Users\정인섭\Documents\GitHub\Doing\server_project\server_project\init_class.h(253,14): error C3646: 'm_ID': 알 수 없는 재정의 지정자입니다.
C:\Users\정인섭\Documents\GitHub\Doing\server_project\server_project\init_class.h(253,14): error C4430: 형식 지정자가 없습니다. int로 가정합니다. 참고: C++에서는 기본 int를 지원하지 않습니다.
C:\Users\정인섭\Documents\GitHub\Doing\server_project\server_project\init_class.h(254,20): error C3646: 'm_password': 알 수 없는 재정의 지정자입니다.
C:\Users\정인섭\Documents\GitHub\Doing\server_project\server_project\init_class.h(254,20): error C4430: 형식 지정자가 없습니다. int로 가정합니다. 참고: C++에서는 기본 int를 지원하지 않습니다.
C:\Users\정인섭\Documents\GitHub\Doing\server_project\server_project\init_class.h(255,25): error C3646: 'm_userID_number': 알 수 없는 재정의 지정자입니다.
C:\Users\정인섭\Documents\GitHub\Doing\server_project\server_project\init_class.h(255,25): error C4430: 형식 지정자가 없습니다. int로 가정합니다. 참고: C++에서는 기본 int를 지원하지 않습니다.
C:\Users\정인섭\Documents\GitHub\Doing\server_project\server_project\init_class.h(257,6): error C2143: 구문 오류: ';'이(가) '<' 앞에 없습니다.
C:\Users\정인섭\Documents\GitHub\Doing\server_project\server_project\init_class.h(257,21): error C4430: 형식 지정자가 없습니다. int로 가정합니다. 참고: C++에서는 기본 int를 지원하지 않습니다.
C:\Users\정인섭\Documents\GitHub\Doing\server_project\server_project\init_class.h(257,38): error C2238: ';' 앞에 예기치 않은 토큰이 있습니다.
C:\Users\정인섭\Documents\GitHub\Doing\server_project\server_project\struct_Info.h(35,5): error C2059: 구문 오류: '<'
C:\Users\정인섭\Documents\GitHub\Doing\server_project\server_project\struct_Info.h(35,26): error C2238: ';' 앞에 예기치 않은 토큰이 있습니다.
C:\Users\정인섭\Documents\GitHub\Doing\server_project\server_project\init.cpp(9,1): error C2011: 'Server': 'class' 형식 재정의
C:\Users\정인섭\Documents\GitHub\Doing\server_project\server_project\init_class.h(205): message : 'Server' 선언을 참조하십시오.
C:\Users\정인섭\Documents\GitHub\Doing\server_project\server_project\init.cpp(104,1): warning C4326: 'main'의 반환 형식이 'int'이어야 하는데 'void'입니다.
C:\Users\정인섭\Documents\GitHub\Doing\server_project\server_project\init.cpp(124,36): error C2440: '<function-style-cast>': 'initializer list'에서 'Login'(으)로 변환할 수 없습니다.
C:\Users\정인섭\Documents\GitHub\Doing\server_project\server_project\init.cpp(124,36): message : 소스 형식을 가져올 수 있는 생성자가 없거나 생성자 오버로드 확인이 모호합니다.
C:\Users\정인섭\Documents\GitHub\Doing\server_project\server_project\init.cpp(124,3): error C2064: 항은 2개의 인수를 받아들이는 함수로 계산되지 않습니다.
C:\Users\정인섭\Documents\GitHub\Doing\server_project\server_project\init.cpp(126,7): error C2065: 'success': 선언되지 않은 식별자입니다.
C:\Users\정인섭\Documents\GitHub\Doing\server_project\server_project\init.cpp(128,4): error C3861: 'Read_ServerInfo': 식별자를 찾을 수 없습니다.
C:\Users\정인섭\Documents\GitHub\Doing\server_project\server_project\init.cpp(130,41): error C2059: 구문 오류: '<<'
C:\Users\정인섭\Documents\GitHub\Doing\server_project\server_project\init.cpp(131,41): error C2059: 구문 오류: '<<'
C:\Users\정인섭\Documents\GitHub\Doing\server_project\server_project\init.cpp(132,41): error C2059: 구문 오류: '<<'
C:\Users\정인섭\Documents\GitHub\Doing\server_project\server_project\init.cpp(150,31): error C2039: 'DownloadFile': 'File'의 멤버가 아닙니다.
C:\Users\정인섭\Documents\GitHub\Doing\server_project\server_project\init_class.h(104): message : 'File' 선언을 참조하십시오.
C:\Users\정인섭\Documents\GitHub\Doing\server_project\server_project\init.cpp(167,59): error C2660: 'File::UploadFile': 함수는 2개의 인수를 사용하지 않습니다.
C:\Users\정인섭\Documents\GitHub\Doing\server_project\server_project\init_class.h(170,7): message : 'File::UploadFile' 선언을 참조하십시오.
C:\Users\정인섭\Documents\GitHub\Doing\server_project\server_project\init.cpp(176,44): error C2660: 'File::DeleteFile': 함수는 1개의 인수를 사용하지 않습니다.
C:\Users\정인섭\Documents\GitHub\Doing\server_project\server_project\init_class.h(185,7): message : 'File::DeleteFile' 선언을 참조하십시오.
C:\Users\정인섭\Documents\GitHub\Doing\server_project\server_project\init.cpp(237,58): error C2660: 'File::UploadFile': 함수는 2개의 인수를 사용하지 않습니다.
C:\Users\정인섭\Documents\GitHub\Doing\server_project\server_project\init_class.h(170,7): message : 'File::UploadFile' 선언을 참조하십시오.
C:\Users\정인섭\Documents\GitHub\Doing\server_project\server_project\init.cpp(245,44): error C2660: 'File::DeleteFile': 함수는 1개의 인수를 사용하지 않습니다.
C:\Users\정인섭\Documents\GitHub\Doing\server_project\server_project\init_class.h(185,7): message : 'File::DeleteFile' 선언을 참조하십시오.
C:\Users\정인섭\Documents\GitHub\Doing\server_project\server_project\init.cpp(252,30): error C2039: 'DownloadFile': 'File'의 멤버가 아닙니다.
C:\Users\정인섭\Documents\GitHub\Doing\server_project\server_project\init_class.h(104): message : 'File' 선언을 참조하십시오.
C:\Users\정인섭\Documents\GitHub\Doing\server_project\server_project\init.cpp(264,17): error C2062: 예기치 않은 'char' 형식입니다.
C:\Users\정인섭\Documents\GitHub\Doing\server_project\server_project\init.cpp(268,10): error C2065: 'password': 선언되지 않은 식별자입니다.
C:\Users\정인섭\Documents\GitHub\Doing\server_project\server_project\init.cpp(270,10): error C2065: 'user_id_number': 선언되지 않은 식별자입니다.
C:\Users\정인섭\Documents\GitHub\Doing\server_project\server_project\init.cpp(272,3): error C2065: 'UserInfo': 선언되지 않은 식별자입니다.
C:\Users\정인섭\Documents\GitHub\Doing\server_project\server_project\init.cpp(272,12): error C2146: 구문 오류: ';'이(가) 'porson1' 식별자 앞에 없습니다.
C:\Users\정인섭\Documents\GitHub\Doing\server_project\server_project\init.cpp(272,12): error C2065: 'porson1': 선언되지 않은 식별자입니다.
C:\Users\정인섭\Documents\GitHub\Doing\server_project\server_project\init.cpp(179,4): error C2361: 'input_title_del' 초기화가 'default' 레이블에 의해 생략되었습니다.
C:\Users\정인섭\Documents\GitHub\Doing\server_project\server_project\init.cpp(173): message : 'input_title_del' 선언을 참조하십시오.
C:\Users\정인섭\Documents\GitHub\Doing\server_project\server_project\init.cpp(241,4): error C2360: 'input_title_up' 초기화가 'case' 레이블에 의해 생략되었습니다.
C:\Users\정인섭\Documents\GitHub\Doing\server_project\server_project\init.cpp(227): message : 'input_title_up' 선언을 참조하십시오.
C:\Users\정인섭\Documents\GitHub\Doing\server_project\server_project\init.cpp(248,4): error C2360: 'input_title_del' 초기화가 'case' 레이블에 의해 생략되었습니다.
C:\Users\정인섭\Documents\GitHub\Doing\server_project\server_project\init.cpp(242): message : 'input_title_del' 선언을 참조하십시오.
C:\Users\정인섭\Documents\GitHub\Doing\server_project\server_project\init.cpp(248,4): error C2360: 'input_title_up' 초기화가 'case' 레이블에 의해 생략되었습니다.
C:\Users\정인섭\Documents\GitHub\Doing\server_project\server_project\init.cpp(227): message : 'input_title_up' 선언을 참조하십시오.
C:\Users\정인섭\Documents\GitHub\Doing\server_project\server_project\init.cpp(255,4): error C2361: 'input_title_dw' 초기화가 'default' 레이블에 의해 생략되었습니다.
C:\Users\정인섭\Documents\GitHub\Doing\server_project\server_project\init.cpp(249): message : 'input_title_dw' 선언을 참조하십시오.
C:\Users\정인섭\Documents\GitHub\Doing\server_project\server_project\init.cpp(255,4): error C2361: 'input_title_del' 초기화가 'default' 레이블에 의해 생략되었습니다.
C:\Users\정인섭\Documents\GitHub\Doing\server_project\server_project\init.cpp(242): message : 'input_title_del' 선언을 참조하십시오.
C:\Users\정인섭\Documents\GitHub\Doing\server_project\server_project\init.cpp(255,4): error C2361: 'input_title_up' 초기화가 'default' 레이블에 의해 생략되었습니다.
C:\Users\정인섭\Documents\GitHub\Doing\server_project\server_project\init.cpp(227): message : 'input_title_up' 선언을 참조하십시오.
C:\Users\정인섭\Documents\GitHub\Doing\server_project\server_project\init.cpp(186,2): error C2360: 'inputedPassword' 초기화가 'case' 레이블에 의해 생략되었습니다.
C:\Users\정인섭\Documents\GitHub\Doing\server_project\server_project\init.cpp(120): message : 'inputedPassword' 선언을 참조하십시오.
C:\Users\정인섭\Documents\GitHub\Doing\server_project\server_project\init.cpp(261,2): error C2360: 'inputedPassword' 초기화가 'case' 레이블에 의해 생략되었습니다.
C:\Users\정인섭\Documents\GitHub\Doing\server_project\server_project\init.cpp(120): message : 'inputedPassword' 선언을 참조하십시오.
C:\Users\정인섭\Documents\GitHub\Doing\server_project\server_project\init.cpp(274,2): error C2361: 'inputedPassword' 초기화가 'default' 레이블에 의해 생략되었습니다.
C:\Users\정인섭\Documents\GitHub\Doing\server_project\server_project\init.cpp(120): message : 'inputedPassword' 선언을 참조하십시오.
